-------------------------------------------------------------------------------
Test set: Test my feature
-------------------------------------------------------------------------------
Tests run: 3, Failures: 0, Errors: 3, Skipped: 0, Time elapsed: 6.228 s <<< FAILURE! - in Test my feature
Test my feature.Place an order  Time elapsed: 6.228 s  <<< ERROR!
org.openqa.selenium.NoSuchElementException: 
no such element: Unable to locate element: {"method":"xpath","selector":"//a[@id='item_4_title_link']/div"}
  (Session info: chrome=103.0.5060.114)
For documentation on this error, please visit: https://www.seleniumhq.org/exceptions/no_such_element.html
Build info: version: '3.141.59', revision: 'e82be7d358', time: '2018-11-14T08:17:03'
System info: host: 'LAPTOP-0KMM1L6H', ip: '192.168.29.206', os.name: 'Windows 10', os.arch: 'amd64', os.version: '10.0', java.version: '1.8.0_291'
Driver info: org.openqa.selenium.chrome.ChromeDriver
Capabilities {acceptInsecureCerts: false, browserName: chrome, browserVersion: 103.0.5060.114, chrome: {chromedriverVersion: 103.0.5060.53 (a1711811edd7..., userDataDir: C:\Users\SUTHAR~1\AppData\L...}, goog:chromeOptions: {debuggerAddress: localhost:59883}, javascriptEnabled: true, networkConnectionEnabled: false, pageLoadStrategy: normal, platform: WINDOWS, platformName: WINDOWS, proxy: Proxy(), setWindowRect: true, strictFileInteractability: false, timeouts: {implicit: 0, pageLoad: 300000, script: 30000}, unhandledPromptBehavior: dismiss and notify, webauthn:extension:credBlob: true, webauthn:extension:largeBlob: true, webauthn:virtualAuthenticators: true}
Session ID: 71afd30adad63c3c696faa657940c7a0
*** Element info: {Using=xpath, value=//a[@id='item_4_title_link']/div}

Test my feature.Place an order  Time elapsed: 0 s  <<< ERROR!
java.lang.NullPointerException

Test my feature.Place an order  Time elapsed: 0 s  <<< ERROR!
java.lang.NullPointerException

